#
# There is insufficient memory for the Java Runtime Environment to continue.
# Native memory allocation (malloc) failed to allocate 32744 bytes for ChunkPool::allocate
# Possible reasons:
#   The system is out of physical RAM or swap space
#   In 32 bit mode, the process size limit was hit
# Possible solutions:
#   Reduce memory load on the system
#   Increase physical memory or swap space
#   Check if swap backing store is full
#   Use 64 bit Java on a 64 bit OS
#   Decrease Java heap size (-Xmx/-Xms)
#   Decrease number of Java threads
#   Decrease Java thread stack sizes (-Xss)
#   Set larger code cache with -XX:ReservedCodeCacheSize=
# This output file may be truncated or incomplete.
#
#  Out of Memory Error (allocation.cpp:273), pid=12908, tid=0x0000000000007604
#
# JRE version: Java(TM) SE Runtime Environment (8.0_101-b13) (build 1.8.0_101-b13)
# Java VM: Java HotSpot(TM) 64-Bit Server VM (25.101-b13 mixed mode windows-amd64 compressed oops)
# Failed to write core dump. Minidumps are not enabled by default on client versions of Windows
#

---------------  T H R E A D  ---------------

Current thread (0x0000000016d7d800):  JavaThread "C2 CompilerThread0" daemon [_thread_in_native, id=30212, stack(0x0000000018280000,0x0000000018380000)]

Stack: [0x0000000018280000,0x0000000018380000]
[error occurred during error reporting (printing stack bounds), id 0xc0000005]

Native frames: (J=compiled Java code, j=interpreted, Vv=VM code, C=native code)


Current CompileTask:
C2:  85346 8278   !   4      
[error occurred during error reporting (printing current compile task), id 0xe0000001]


---------------  P R O C E S S  ---------------

Java Threads: ( => current thread )
  0x000000001f092000 JavaThread "stdout" [_thread_in_native, id=38396, stack(0x0000000024f60000,0x0000000025060000)]
  0x000000001f099000 JavaThread "stderr" [_thread_in_native, id=41704, stack(0x0000000024e60000,0x0000000024f60000)]
  0x000000001f091800 JavaThread "pool-3-thread-1" [_thread_blocked, id=32864, stack(0x0000000023b90000,0x0000000023c90000)]
  0x000000001f090800 JavaThread "Task worker for ':' Thread 3" [_thread_in_native, id=41596, stack(0x0000000023a90000,0x0000000023b90000)]
  0x000000001f096800 JavaThread "Task worker for ':' Thread 2" [_thread_blocked, id=41540, stack(0x0000000023990000,0x0000000023a90000)]
  0x000000001f097800 JavaThread "Task worker for ':'" [_thread_blocked, id=4508, stack(0x0000000023890000,0x0000000023990000)]
  0x000000001f093000 JavaThread "Cache worker for Build Output Cleanup Cache (C:\Users\user\randommenu_android\boostcamp3_A\.gradle\buildOutputCleanup)" [_thread_blocked, id=38168, stack(0x0000000023590000,0x0000000023690000)]
  0x000000001f096000 JavaThread "Cache worker for task history cache (C:\Users\user\randommenu_android\boostcamp3_A\.gradle\4.6\taskHistory)" [_thread_blocked, id=32548, stack(0x0000000022bc0000,0x0000000022cc0000)]
  0x000000001f095000 JavaThread "Cache worker for file content cache (C:\Users\user\randommenu_android\boostcamp3_A\.gradle\4.6\fileContent)" [_thread_blocked, id=37096, stack(0x0000000021a90000,0x0000000021b90000)]
  0x000000001f08f000 JavaThread "Memory manager" [_thread_blocked, id=29804, stack(0x0000000021080000,0x0000000021180000)]
  0x0000000019bc7800 JavaThread "Build operations Thread 4" [_thread_blocked, id=36352, stack(0x0000000020980000,0x0000000020a80000)]
  0x0000000019bc5000 JavaThread "Build operations Thread 3" [_thread_blocked, id=35768, stack(0x0000000020880000,0x0000000020980000)]
  0x0000000019bc4800 JavaThread "Build operations Thread 2" [_thread_blocked, id=39344, stack(0x0000000020780000,0x0000000020880000)]
  0x0000000019bc6000 JavaThread "Build operations" [_thread_blocked, id=30880, stack(0x0000000020680000,0x0000000020780000)]
  0x0000000019bc3000 JavaThread "Cache worker for Artifact transforms cache (C:\Users\user\.gradle\caches\transforms-1)" [_thread_blocked, id=13584, stack(0x0000000020380000,0x0000000020480000)]
  0x0000000019bc8000 JavaThread "Cache worker for file hash cache (C:\Users\user\randommenu_android\boostcamp3_A\.gradle\4.6\fileHashes)" [_thread_blocked, id=30952, stack(0x000000001c500000,0x000000001c600000)]
  0x0000000019bc2000 JavaThread "File lock request listener" [_thread_in_native, id=16464, stack(0x000000001c400000,0x000000001c500000)]
  0x0000000019bc6800 JavaThread "Cache worker for file hash cache (C:\Users\user\.gradle\caches\4.6\fileHashes)" [_thread_blocked, id=34104, stack(0x000000001b330000,0x000000001b430000)]
  0x000000001971c800 JavaThread "Asynchronous log dispatcher for DefaultDaemonConnection: socket connection from /127.0.0.1:9518 to /127.0.0.1:9519" [_thread_blocked, id=41124, stack(0x000000001af30000,0x000000001b030000)]
  0x0000000019711800 JavaThread "Daemon worker" [_thread_blocked, id=39356, stack(0x000000001ae30000,0x000000001af30000)]
  0x0000000019710800 JavaThread "Cancel handler" [_thread_blocked, id=23688, stack(0x000000001ad30000,0x000000001ae30000)]
  0x00000000199ab800 JavaThread "Handler for socket connection from /127.0.0.1:9518 to /127.0.0.1:9519" [_thread_in_native, id=37612, stack(0x000000001aa30000,0x000000001ab30000)]
  0x00000000199a6800 JavaThread "Daemon" [_thread_blocked, id=37652, stack(0x000000001a930000,0x000000001aa30000)]
  0x0000000018f89000 JavaThread "Daemon periodic checks" [_thread_blocked, id=37336, stack(0x000000001a830000,0x000000001a930000)]
  0x0000000018408800 JavaThread "Incoming local TCP Connector on port 9518" [_thread_in_native, id=2296, stack(0x000000001a650000,0x000000001a750000)]
  0x000000001982f000 JavaThread "Daemon health stats" [_thread_blocked, id=12400, stack(0x000000001a350000,0x000000001a450000)]
  0x00000000183ff000 JavaThread "Service Thread" daemon [_thread_blocked, id=2536, stack(0x0000000018980000,0x0000000018a80000)]
  0x00000000183c9800 JavaThread "C1 CompilerThread2" daemon [_thread_blocked, id=12296, stack(0x0000000018880000,0x0000000018980000)]
  0x0000000018381000 JavaThread "C2 CompilerThread1" daemon [_thread_blocked, id=30936, stack(0x0000000018780000,0x0000000018880000)]
=>0x0000000016d7d800 JavaThread "C2 CompilerThread0" daemon [_thread_in_native, id=30212, stack(0x0000000018280000,0x0000000018380000)]
  0x0000000016d7a000 JavaThread "Attach Listener" daemon [_thread_blocked, id=41404, stack(0x0000000018180000,0x0000000018280000)]
  0x0000000016d2d800 JavaThread "Signal Dispatcher" daemon [_thread_blocked, id=40064, stack(0x0000000018080000,0x0000000018180000)]
  0x0000000016d0a800 JavaThread "Finalizer" daemon [_thread_blocked, id=7908, stack(0x0000000017f80000,0x0000000018080000)]
  0x00000000033a0000 JavaThread "Reference Handler" daemon [_thread_blocked, id=41868, stack(0x0000000017e80000,0x0000000017f80000)]
  0x0000000002f5e000 JavaThread "main" [_thread_blocked, id=40676, stack(0x0000000002db0000,0x0000000002eb0000)]

Other Threads:
  0x0000000016ce7800 VMThread [stack: 0x0000000017d80000,0x0000000017e80000] [id=13580]
  0x000000001843a000 WatcherThread [stack: 0x0000000018a80000,0x0000000018b80000] [id=31176]

VM state:not at safepoint (normal execution)

VM Mutex/Monitor currently owned by a thread: None

Heap:
 PSYoungGen      total 167424K, used 127884K [0x00000000e0000000, 0x00000000eea80000, 0x0000000100000000)
  eden space 151040K, 84% used [0x00000000e0000000,0x00000000e7ce3140,0x00000000e9380000)
  from space 16384K, 0% used [0x00000000e9380000,0x00000000e9380000,0x00000000ea380000)
  to   space 15872K, 0% used [0x00000000edb00000,0x00000000edb00000,0x00000000eea80000)
 ParOldGen       total 121344K, used 33451K [0x00000000a0000000, 0x00000000a7680000, 0x00000000e0000000)
  object space 121344K, 27% used [0x00000000a0000000,0x00000000a20aaf98,0x00000000a7680000)
 Metaspace       used 63466K, capacity 65322K, committed 65664K, reserved 1105920K
  class space    used 8778K, capacity 9252K, committed 9344K, reserved 1048576K

Card table byte_map: [0x0000000012770000,0x0000000012a80000] byte_map_base: 0x0000000012270000

Marking Bits: (ParMarkBitMap*) 0x00000000719ea6d0
 Begin Bits: [0x0000000013080000, 0x0000000014880000)
 End Bits:   [0x0000000014880000, 0x0000000016080000)

Polling page: 0x0000000000be0000

CodeCache: size=245760Kb used=23256Kb max_used=23270Kb free=222503Kb
 bounds [0x00000000033b0000, 0x0000000004a90000, 0x00000000123b0000]
 total_blobs=8014 nmethods=7213 adapters=712
 compilation: enabled

Compilation events (10 events):
Event: 83.932 Thread 0x00000000183c9800 nmethod 8272 0x0000000004282450 code [0x0000000004282600, 0x0000000004282d28]
Event: 85.057 Thread 0x00000000183c9800 8274       3       java.util.SubList::add (45 bytes)
Event: 85.058 Thread 0x00000000183c9800 nmethod 8274 0x0000000004a6af10 code [0x0000000004a6b0c0, 0x0000000004a6b638]
Event: 85.058 Thread 0x00000000183c9800 8275       3       org.gradle.api.tasks.util.PatternSet::<init> (15 bytes)
Event: 85.059 Thread 0x00000000183c9800 nmethod 8275 0x0000000003c8c650 code [0x0000000003c8c7a0, 0x0000000003c8c970]
Event: 85.136 Thread 0x0000000018381000 8276       4       sun.nio.fs.WindowsNativeDispatcher::asNativeBuffer (84 bytes)
Event: 85.149 Thread 0x00000000183c9800 8277       3       org.gradle.api.specs.AndSpec::isSatisfiedBy (48 bytes)
Event: 85.149 Thread 0x00000000183c9800 nmethod 8277 0x00000000038301d0 code [0x0000000003830340, 0x0000000003830728]
Event: 85.178 Thread 0x0000000018381000 nmethod 8276 0x000000000427b090 code [0x000000000427b240, 0x000000000427bc10]
Event: 85.260 Thread 0x0000000016d7d800 8278   !   4       java.nio.file.FileTreeWalker::next (144 bytes)

GC Heap History (10 events):
Event: 33.700 GC heap before
{Heap before GC invocations=12 (full 2):
 PSYoungGen      total 100352K, used 89088K [0x00000000e0000000, 0x00000000e9580000, 0x0000000100000000)
  eden space 89088K, 100% used [0x00000000e0000000,0x00000000e5700000,0x00000000e5700000)
  from space 11264K, 0% used [0x00000000e5700000,0x00000000e5700000,0x00000000e6200000)
  to   space 10752K, 0% used [0x00000000e8b00000,0x00000000e8b00000,0x00000000e9580000)
 ParOldGen       total 82944K, used 15226K [0x00000000a0000000, 0x00000000a5100000, 0x00000000e0000000)
  object space 82944K, 18% used [0x00000000a0000000,0x00000000a0ede9f0,0x00000000a5100000)
 Metaspace       used 40453K, capacity 41184K, committed 41472K, reserved 1085440K
  class space    used 5598K, capacity 5822K, committed 5888K, reserved 1048576K
Event: 33.731 GC heap after
Heap after GC invocations=12 (full 2):
 PSYoungGen      total 128000K, used 9981K [0x00000000e0000000, 0x00000000e9500000, 0x0000000100000000)
  eden space 117760K, 0% used [0x00000000e0000000,0x00000000e0000000,0x00000000e7300000)
  from space 10240K, 97% used [0x00000000e8b00000,0x00000000e94bf730,0x00000000e9500000)
  to   space 11776K, 0% used [0x00000000e7e00000,0x00000000e7e00000,0x00000000e8980000)
 ParOldGen       total 82944K, used 15234K [0x00000000a0000000, 0x00000000a5100000, 0x00000000e0000000)
  object space 82944K, 18% used [0x00000000a0000000,0x00000000a0ee09f0,0x00000000a5100000)
 Metaspace       used 40453K, capacity 41184K, committed 41472K, reserved 1085440K
  class space    used 5598K, capacity 5822K, committed 5888K, reserved 1048576K
}
Event: 44.405 GC heap before
{Heap before GC invocations=13 (full 2):
 PSYoungGen      total 128000K, used 127741K [0x00000000e0000000, 0x00000000e9500000, 0x0000000100000000)
  eden space 117760K, 100% used [0x00000000e0000000,0x00000000e7300000,0x00000000e7300000)
  from space 10240K, 97% used [0x00000000e8b00000,0x00000000e94bf730,0x00000000e9500000)
  to   space 11776K, 0% used [0x00000000e7e00000,0x00000000e7e00000,0x00000000e8980000)
 ParOldGen       total 82944K, used 15234K [0x00000000a0000000, 0x00000000a5100000, 0x00000000e0000000)
  object space 82944K, 18% used [0x00000000a0000000,0x00000000a0ee09f0,0x00000000a5100000)
 Metaspace       used 50874K, capacity 52202K, committed 52480K, reserved 1093632K
  class space    used 6999K, capacity 7366K, committed 7424K, reserved 1048576K
Event: 44.480 GC heap after
Heap after GC invocations=13 (full 2):
 PSYoungGen      total 140800K, used 11752K [0x00000000e0000000, 0x00000000eb280000, 0x0000000100000000)
  eden space 129024K, 0% used [0x00000000e0000000,0x00000000e0000000,0x00000000e7e00000)
  from space 11776K, 99% used [0x00000000e7e00000,0x00000000e897a190,0x00000000e8980000)
  to   space 15360K, 0% used [0x00000000ea380000,0x00000000ea380000,0x00000000eb280000)
 ParOldGen       total 82944K, used 22282K [0x00000000a0000000, 0x00000000a5100000, 0x00000000e0000000)
  object space 82944K, 26% used [0x00000000a0000000,0x00000000a15c2810,0x00000000a5100000)
 Metaspace       used 50874K, capacity 52202K, committed 52480K, reserved 1093632K
  class space    used 6999K, capacity 7366K, committed 7424K, reserved 1048576K
}
Event: 56.547 GC heap before
{Heap before GC invocations=14 (full 2):
 PSYoungGen      total 140800K, used 140776K [0x00000000e0000000, 0x00000000eb280000, 0x0000000100000000)
  eden space 129024K, 100% used [0x00000000e0000000,0x00000000e7e00000,0x00000000e7e00000)
  from space 11776K, 99% used [0x00000000e7e00000,0x00000000e897a190,0x00000000e8980000)
  to   space 15360K, 0% used [0x00000000ea380000,0x00000000ea380000,0x00000000eb280000)
 ParOldGen       total 82944K, used 22282K [0x00000000a0000000, 0x00000000a5100000, 0x00000000e0000000)
  object space 82944K, 26% used [0x00000000a0000000,0x00000000a15c2810,0x00000000a5100000)
 Metaspace       used 57187K, capacity 58988K, committed 59136K, reserved 1099776K
  class space    used 7941K, capacity 8371K, committed 8448K, reserved 1048576K
Event: 56.607 GC heap after
Heap after GC invocations=14 (full 2):
 PSYoungGen      total 166400K, used 12212K [0x00000000e0000000, 0x00000000ebf80000, 0x0000000100000000)
  eden space 151040K, 0% used [0x00000000e0000000,0x00000000e0000000,0x00000000e9380000)
  from space 15360K, 79% used [0x00000000ea380000,0x00000000eaf6d0a8,0x00000000eb280000)
  to   space 16384K, 0% used [0x00000000e9380000,0x00000000e9380000,0x00000000ea380000)
 ParOldGen       total 82944K, used 28791K [0x00000000a0000000, 0x00000000a5100000, 0x00000000e0000000)
  object space 82944K, 34% used [0x00000000a0000000,0x00000000a1c1dfc8,0x00000000a5100000)
 Metaspace       used 57187K, capacity 58988K, committed 59136K, reserved 1099776K
  class space    used 7941K, capacity 8371K, committed 8448K, reserved 1048576K
}
Event: 56.905 GC heap before
{Heap before GC invocations=15 (full 2):
 PSYoungGen      total 166400K, used 18347K [0x00000000e0000000, 0x00000000ebf80000, 0x0000000100000000)
  eden space 151040K, 4% used [0x00000000e0000000,0x00000000e05fdd78,0x00000000e9380000)
  from space 15360K, 79% used [0x00000000ea380000,0x00000000eaf6d0a8,0x00000000eb280000)
  to   space 16384K, 0% used [0x00000000e9380000,0x00000000e9380000,0x00000000ea380000)
 ParOldGen       total 82944K, used 28791K [0x00000000a0000000, 0x00000000a5100000, 0x00000000e0000000)
  object space 82944K, 34% used [0x00000000a0000000,0x00000000a1c1dfc8,0x00000000a5100000)
 Metaspace       used 57301K, capacity 59090K, committed 59136K, reserved 1099776K
  class space    used 7946K, capacity 8404K, committed 8448K, reserved 1048576K
Event: 56.933 GC heap after
Heap after GC invocations=15 (full 2):
 PSYoungGen      total 167424K, used 8064K [0x00000000e0000000, 0x00000000eea80000, 0x0000000100000000)
  eden space 151040K, 0% used [0x00000000e0000000,0x00000000e0000000,0x00000000e9380000)
  from space 16384K, 49% used [0x00000000e9380000,0x00000000e9b60060,0x00000000ea380000)
  to   space 15872K, 0% used [0x00000000edb00000,0x00000000edb00000,0x00000000eea80000)
 ParOldGen       total 82944K, used 28799K [0x00000000a0000000, 0x00000000a5100000, 0x00000000e0000000)
  object space 82944K, 34% used [0x00000000a0000000,0x00000000a1c1ffc8,0x00000000a5100000)
 Metaspace       used 57301K, capacity 59090K, committed 59136K, reserved 1099776K
  class space    used 7946K, capacity 8404K, committed 8448K, reserved 1048576K
}
Event: 56.933 GC heap before
{Heap before GC invocations=16 (full 3):
 PSYoungGen      total 167424K, used 8064K [0x00000000e0000000, 0x00000000eea80000, 0x0000000100000000)
  eden space 151040K, 0% used [0x00000000e0000000,0x00000000e0000000,0x00000000e9380000)
  from space 16384K, 49% used [0x00000000e9380000,0x00000000e9b60060,0x00000000ea380000)
  to   space 15872K, 0% used [0x00000000edb00000,0x00000000edb00000,0x00000000eea80000)
 ParOldGen       total 82944K, used 28799K [0x00000000a0000000, 0x00000000a5100000, 0x00000000e0000000)
  object space 82944K, 34% used [0x00000000a0000000,0x00000000a1c1ffc8,0x00000000a5100000)
 Metaspace       used 57301K, capacity 59090K, committed 59136K, reserved 1099776K
  class space    used 7946K, capacity 8404K, committed 8448K, reserved 1048576K
Event: 57.962 GC heap after
Heap after GC invocations=16 (full 3):
 PSYoungGen      total 167424K, used 0K [0x00000000e0000000, 0x00000000eea80000, 0x0000000100000000)
  eden space 151040K, 0% used [0x00000000e0000000,0x00000000e0000000,0x00000000e9380000)
  from space 16384K, 0% used [0x00000000e9380000,0x00000000e9380000,0x00000000ea380000)
  to   space 15872K, 0% used [0x00000000edb00000,0x00000000edb00000,0x00000000eea80000)
 ParOldGen       total 121344K, used 33451K [0x00000000a0000000, 0x00000000a7680000, 0x00000000e0000000)
  object space 121344K, 27% used [0x00000000a0000000,0x00000000a20aaf98,0x00000000a7680000)
 Metaspace       used 57301K, capacity 59090K, committed 59136K, reserved 1099776K
  class space    used 7946K, capacity 8404K, committed 8448K, reserved 1048576K
}

Deoptimization events (10 events):
Event: 77.742 Thread 0x000000001f090800 Uncommon trap: reason=bimorphic action=maybe_recompile pc=0x0000000003928618 method=java.util.regex.Pattern$CharProperty$1.isSatisfiedBy(I)Z @ 5
Event: 77.742 Thread 0x000000001f090800 Uncommon trap: reason=bimorphic action=maybe_recompile pc=0x0000000003928618 method=java.util.regex.Pattern$CharProperty$1.isSatisfiedBy(I)Z @ 5
Event: 77.742 Thread 0x000000001f090800 Uncommon trap: reason=bimorphic action=maybe_recompile pc=0x0000000003928618 method=java.util.regex.Pattern$CharProperty$1.isSatisfiedBy(I)Z @ 5
Event: 77.752 Thread 0x000000001f090800 Uncommon trap: reason=unstable_if action=reinterpret pc=0x000000000400abbc method=com.google.gson.stream.JsonReader.nextNonWhitespace(Z)I @ 277
Event: 78.106 Thread 0x000000001f090800 Uncommon trap: reason=unstable_if action=reinterpret pc=0x000000000490b770 method=java.lang.Character.isSurrogate(C)Z @ 3
Event: 78.428 Thread 0x000000001f090800 Uncommon trap: reason=unstable_if action=reinterpret pc=0x00000000046cda18 method=org.gradle.api.internal.file.pattern.PatternMatcherFactory$PathMatcherBackedSpec.isSatisfiedBy(Lorg/gradle/api/file/RelativePath;)Z @ 11
Event: 78.435 Thread 0x000000001f090800 Uncommon trap: reason=unstable_if action=reinterpret pc=0x00000000046a3da4 method=org.gradle.api.internal.file.pattern.FixedStepPathMatcher.matches([Ljava/lang/String;I)Z @ 35
Event: 78.451 Thread 0x000000001f090800 Uncommon trap: reason=predicate action=maybe_recompile pc=0x00000000048d9d4c method=java.util.TimSort.binarySort([Ljava/lang/Object;IIILjava/util/Comparator;)V @ 37
Event: 78.496 Thread 0x000000001f090800 Uncommon trap: reason=unstable_if action=reinterpret pc=0x0000000003ff3024 method=org.gradle.api.internal.file.pattern.FixedStepPathMatcher.matches([Ljava/lang/String;I)Z @ 35
Event: 78.652 Thread 0x000000001f090800 Uncommon trap: reason=unstable_if action=reinterpret pc=0x0000000003cce4b8 method=org.gradle.util.GUtil.endsWith(Ljava/lang/CharSequence;Ljava/lang/CharSequence;)Z @ 11

Internal exceptions (10 events):
Event: 50.308 Thread 0x000000001f096800 Exception <a 'java/lang/NoSuchMethodError': <clinit>> (0x00000000e4a77600) thrown at [C:\re\workspace\8-2-build-windows-amd64-cygwin\jdk8u101\7261\hotspot\src\share\vm\prims\jni.cpp, line 1613]
Event: 50.308 Thread 0x000000001f096800 Exception <a 'java/lang/NoSuchMethodError': <clinit>> (0x00000000e4a78f00) thrown at [C:\re\workspace\8-2-build-windows-amd64-cygwin\jdk8u101\7261\hotspot\src\share\vm\prims\jni.cpp, line 1613]
Event: 53.703 Thread 0x000000001f096800 Exception <a 'java/lang/NoSuchMethodError': <clinit>> (0x00000000e659aa90) thrown at [C:\re\workspace\8-2-build-windows-amd64-cygwin\jdk8u101\7261\hotspot\src\share\vm\prims\jni.cpp, line 1613]
Event: 54.059 Thread 0x000000001f090800 Exception <a 'java/lang/NoSuchMethodError': <clinit>> (0x00000000e67feef8) thrown at [C:\re\workspace\8-2-build-windows-amd64-cygwin\jdk8u101\7261\hotspot\src\share\vm\prims\jni.cpp, line 1613]
Event: 54.060 Thread 0x000000001f090800 Exception <a 'java/lang/NoSuchMethodError': <clinit>> (0x00000000e6808a40) thrown at [C:\re\workspace\8-2-build-windows-amd64-cygwin\jdk8u101\7261\hotspot\src\share\vm\prims\jni.cpp, line 1613]
Event: 54.068 Thread 0x000000001f090800 Exception <a 'java/lang/NoSuchMethodError': <clinit>> (0x00000000e681ee48) thrown at [C:\re\workspace\8-2-build-windows-amd64-cygwin\jdk8u101\7261\hotspot\src\share\vm\prims\jni.cpp, line 1613]
Event: 54.071 Thread 0x000000001f090800 Exception <a 'java/lang/NoSuchMethodError': <clinit>> (0x00000000e682a2c0) thrown at [C:\re\workspace\8-2-build-windows-amd64-cygwin\jdk8u101\7261\hotspot\src\share\vm\prims\jni.cpp, line 1613]
Event: 62.011 Thread 0x000000001f090800 Exception <a 'java/lang/NoSuchMethodError': java.lang.Object.lambda$negate$1(Ljava/lang/Object;)Z> (0x00000000e15bd1b0) thrown at [C:\re\workspace\8-2-build-windows-amd64-cygwin\jdk8u101\7261\hotspot\src\share\vm\interpreter\linkResolver.cpp, line 582]
Event: 70.094 Thread 0x000000001f090800 Exception <a 'java/lang/NoSuchMethodError': java.lang.Object.lambda$comparingInt$7b0bb60$1(Ljava/util/function/ToIntFunction;Ljava/lang/Object;Ljava/lang/Object;)I> (0x00000000e16460f0) thrown at [C:\re\workspace\8-2-build-windows-amd64-cygwin\jdk8u101\72697KS@
Event: 77.187 Thread 0x000000001f090800 Exception <a 'java/lang/ClassNotFoundException': com/sun/org/glassfish/hk2/osgiresourcelocator/ServiceLoader> (0x00000000e6502928) thrown at [C:\re\workspace\8-2-build-windows-amd64-cygwin\jdk8u101\7261\hotspot\src\share\vm\classfile\systemDictionary.cpp, ;o'I@

Events (10 events):
Event: 80.235 loading class org/gradle/language/base/internal/tasks/StaleClassCleaner
Event: 80.235 loading class org/gradle/language/base/internal/tasks/StaleClassCleaner done
Event: 80.236 loading class org/gradle/language/base/internal/tasks/SimpleStaleClassCleaner
Event: 80.236 loading class org/gradle/language/base/internal/tasks/SimpleStaleClassCleaner done
Event: 85.052 loading class org/gradle/api/internal/tasks/compile/NormalizingJavaCompiler$1
Event: 85.052 loading class org/gradle/api/internal/tasks/compile/NormalizingJavaCompiler$1 done
Event: 85.054 loading class org/gradle/api/internal/file/CompositeFileCollection$2
Event: 85.054 loading class org/gradle/api/internal/file/CompositeFileCollection$2 done
Event: 85.058 loading class org/gradle/api/internal/file/AbstractFileCollection$3
Event: 85.058 loading class org/gradle/api/internal/file/AbstractFileCollection$3 done


Dynamic libraries:
0x00007ff7f4990000 - 0x00007ff7f49c7000 	C:\Program Files\Java\jdk1.8.0_101\bin\java.exe
0x00007ffcf7cf0000 - 0x00007ffcf7ed1000 	C:\WINDOWS\SYSTEM32\ntdll.dll
0x00007ffcf5180000 - 0x00007ffcf5232000 	C:\WINDOWS\System32\KERNEL32.DLL
0x00007ffcf4120000 - 0x00007ffcf4393000 	C:\WINDOWS\System32\KERNELBASE.dll
0x00007ffcf6c30000 - 0x00007ffcf6cd1000 	C:\WINDOWS\System32\ADVAPI32.dll
0x00007ffcf7bf0000 - 0x00007ffcf7c8e000 	C:\WINDOWS\System32\msvcrt.dll
0x00007ffcf7260000 - 0x00007ffcf72bb000 	C:\WINDOWS\System32\sechost.dll
0x00007ffcf72c0000 - 0x00007ffcf73e4000 	C:\WINDOWS\System32\RPCRT4.dll
0x00007ffcf74d0000 - 0x00007ffcf7660000 	C:\WINDOWS\System32\USER32.dll
0x00007ffcf4b30000 - 0x00007ffcf4b50000 	C:\WINDOWS\System32\win32u.dll
0x00007ffcf7c90000 - 0x00007ffcf7cb8000 	C:\WINDOWS\System32\GDI32.dll
0x00007ffcf4d50000 - 0x00007ffcf4ee2000 	C:\WINDOWS\System32\gdi32full.dll
0x00007ffcf50e0000 - 0x00007ffcf517f000 	C:\WINDOWS\System32\msvcp_win.dll
0x00007ffcf4ba0000 - 0x00007ffcf4c9a000 	C:\WINDOWS\System32\ucrtbase.dll
0x00007ffce2a40000 - 0x00007ffce2ca9000 	C:\WINDOWS\WinSxS\amd64_microsoft.windows.common-controls_6595b64144ccf1df_6.0.17134.523_none_fb409dd930672a56\COMCTL32.dll
0x00007ffcf6f30000 - 0x00007ffcf7252000 	C:\WINDOWS\System32\combase.dll
0x00007ffcf4ab0000 - 0x00007ffcf4b2a000 	C:\WINDOWS\System32\bcryptPrimitives.dll
0x00007ffcf7660000 - 0x00007ffcf768d000 	C:\WINDOWS\System32\IMM32.DLL
0x0000000071a70000 - 0x0000000071b42000 	C:\Program Files\Java\jdk1.8.0_101\jre\bin\msvcr100.dll
0x00000000711d0000 - 0x0000000071a6a000 	C:\Program Files\Java\jdk1.8.0_101\jre\bin\server\jvm.dll
0x00007ffcf5240000 - 0x00007ffcf5248000 	C:\WINDOWS\System32\PSAPI.DLL
0x00007ffcf16c0000 - 0x00007ffcf16e3000 	C:\WINDOWS\SYSTEM32\WINMM.dll
0x00007ffcf2280000 - 0x00007ffcf2289000 	C:\WINDOWS\SYSTEM32\WSOCK32.dll
0x00007ffcf7ae0000 - 0x00007ffcf7b4c000 	C:\WINDOWS\System32\WS2_32.dll
0x00007ffce37b0000 - 0x00007ffce37ba000 	C:\WINDOWS\SYSTEM32\VERSION.dll
0x00007ffcf15b0000 - 0x00007ffcf15da000 	C:\WINDOWS\SYSTEM32\WINMMBASE.dll
0x00007ffcf4b50000 - 0x00007ffcf4b99000 	C:\WINDOWS\System32\cfgmgr32.dll
0x00000000722d0000 - 0x00000000722df000 	C:\Program Files\Java\jdk1.8.0_101\jre\bin\verify.dll
0x00000000722a0000 - 0x00000000722c9000 	C:\Program Files\Java\jdk1.8.0_101\jre\bin\java.dll
0x00000000711b0000 - 0x00000000711c6000 	C:\Program Files\Java\jdk1.8.0_101\jre\bin\zip.dll
0x00007ffcf5520000 - 0x00007ffcf6960000 	C:\WINDOWS\System32\SHELL32.dll
0x00007ffcf6e80000 - 0x00007ffcf6f29000 	C:\WINDOWS\System32\shcore.dll
0x00007ffcf43a0000 - 0x00007ffcf4aad000 	C:\WINDOWS\System32\windows.storage.dll
0x00007ffcf54b0000 - 0x00007ffcf5501000 	C:\WINDOWS\System32\shlwapi.dll
0x00007ffcf4070000 - 0x00007ffcf4081000 	C:\WINDOWS\System32\kernel.appcore.dll
0x00007ffcf40a0000 - 0x00007ffcf40bf000 	C:\WINDOWS\System32\profapi.dll
0x00007ffcf4000000 - 0x00007ffcf404c000 	C:\WINDOWS\System32\powrprof.dll
0x00007ffcf4090000 - 0x00007ffcf409a000 	C:\WINDOWS\System32\FLTLIB.DLL
0x0000000071190000 - 0x00000000711aa000 	C:\Program Files\Java\jdk1.8.0_101\jre\bin\net.dll
0x00007ffcf34c0000 - 0x00007ffcf3526000 	C:\WINDOWS\system32\mswsock.dll
0x0000000071170000 - 0x0000000071181000 	C:\Program Files\Java\jdk1.8.0_101\jre\bin\nio.dll
0x00007ffccbe50000 - 0x00007ffccbe6e000 	C:\Users\user\.gradle\native\25\windows-amd64\native-platform.dll
0x0000000071160000 - 0x000000007116d000 	C:\Program Files\Java\jdk1.8.0_101\jre\bin\management.dll
0x00007ffcf3d20000 - 0x00007ffcf3d37000 	C:\WINDOWS\SYSTEM32\CRYPTSP.dll
0x00007ffcf30a0000 - 0x00007ffcf30d3000 	C:\WINDOWS\system32\rsaenh.dll
0x00007ffcf3ab0000 - 0x00007ffcf3ad5000 	C:\WINDOWS\SYSTEM32\bcrypt.dll
0x00007ffcf3f30000 - 0x00007ffcf3f58000 	C:\WINDOWS\SYSTEM32\USERENV.dll
0x00007ffcf3670000 - 0x00007ffcf367b000 	C:\WINDOWS\SYSTEM32\CRYPTBASE.dll
0x00007ffcf3240000 - 0x00007ffcf3278000 	C:\WINDOWS\SYSTEM32\IPHLPAPI.DLL
0x00007ffcf5340000 - 0x00007ffcf5348000 	C:\WINDOWS\System32\NSI.dll
0x00007ffce8cd0000 - 0x00007ffce8ce6000 	C:\WINDOWS\SYSTEM32\dhcpcsvc6.DLL
0x00007ffce9160000 - 0x00007ffce917a000 	C:\WINDOWS\SYSTEM32\dhcpcsvc.DLL

VM Arguments:
jvm_args: -Xmx1536m -Dfile.encoding=x-windows-949 -Duser.country=KR -Duser.language=ko -Duser.variant 
java_command: org.gradle.launcher.daemon.bootstrap.GradleDaemon 4.6
java_class_path (initial): C:\Users\user\.gradle\wrapper\dists\gradle-4.6-all\bcst21l2brirad8k2ben1letg\gradle-4.6\lib\gradle-launcher-4.6.jar
Launcher Type: SUN_STANDARD

Environment Variables:
JAVA_HOME=C:\Program Files\Java\jdk1.8.0_101
PATH=C:\Program Files (x86)\Common Files\Oracle\Java\javapath;C:\oraclexe\app\oracle\product\11.2.0\server\bin;C:\Program Files (x86)\Intel\iCLS Client\;C:\Program Files\Intel\iCLS Client\;C:\WINDOWS\system32;C:\WINDOWS;C:\WINDOWS\System32\Wbem;C:\WINDOWS\System32\WindowsPowerShell\v1.0\;C:\Program Files\Samsung\SamsungLink\AllShare Framework DMS\bin\;C:\WINDOWS\system32\config\systemprofile\.dnx\bin;C:\Program Files\Microsoft DNX\Dnvm\;C:\Program Files (x86)\Windows Kits\8.1\Windows Performance Toolkit\;C:\Program Files (x86)\Windows Live\Shared;C:\Program Files (x86)\GtkSharp\2.12\bin;C:\Program Files\Java\jdk1.8.0_101\bin;C:\Program Files (x86)\Intel\Intel(R) Management Engine Components\DAL;C:\Program Files\Intel\Intel(R) Management Engine Components\DAL;C:\Program Files (x86)\Intel\Intel(R) Management Engine Components\IPT;C:\Program Files\Intel\Intel(R) Management Engine Components\IPT;C:\Program Files\nodejs\;C:\Users\user\Downloads\httpd-2.4.29-Win64-VC15\Apache24\bin;C:\xampp\mysql\bin\;C:\Users\user\AppData\Local\Android\Sdk\platform-tools;C:\WINDOWS\System32\OpenSSH\;C:\Program Files\PuTTY\;C:\OpenSSL\bin;C:\Program Files\Git\cmd;C:\apache-maven-3.5.4-bin\apache-maven-3.5.4\bin;C:\Users\user\AppData\Local\Programs\Python\Python36\Scripts\;C:\Users\user\AppData\Local\Programs\Python\Python36\;C:\Users\user\AppData\Local\Microsoft\WindowsApps;C:\Users\user\AppData\Roaming\npm;C:\Users\user\AppData\Local\GitHubDesktop\bin;C:\Users\user\AppData\Local\Microsoft\WindowsApps;C:\Program Files (x86)\CodeBlocks\MinGW\bin;
USERNAME=user
OS=Windows_NT
PROCESSOR_IDENTIFIER=Intel64 Family 6 Model 61 Stepping 4, GenuineIntel



---------------  S Y S T E M  ---------------

OS: Windows 10.0 , 64 bit Build 17134 (10.0.17134.1)

CPU:total 4 (2 cores per cpu, 2 threads per core) family 6 model 61 stepping 4, cmov, cx8, fxsr, mmx, sse, sse2, sse3, ssse3, sse4.1, sse4.2, popcnt, avx, avx2, aes, clmul, erms, 3dnowpref, lzcnt, ht, tsc, tscinvbit, bmi1, bmi2, adx

Memory: 4k page, physical 8285312k(247288k free), swap 21918972k(0k free)

vm_info: Java HotSpot(TM) 64-Bit Server VM (25.101-b13) for windows-amd64 JRE (1.8.0_101-b13), built on Jun 22 2016 01:21:29 by "java_re" with MS VC++ 10.0 (VS2010)

time: Mon Feb 11 14:42:42 2019
elapsed time: 85 seconds (0d 0h 1m 25s)

